0 info it worked if it ends with ok
1 verbose cli [ '/usr/local/bin/node',
1 verbose cli   '/usr/local/bin/npm',
1 verbose cli   'install',
1 verbose cli   '-g',
1 verbose cli   'grunt-cli' ]
2 info using npm@3.10.10
3 info using node@v6.11.3
4 silly loadCurrentTree Starting
5 silly install loadCurrentTree
6 silly install readGlobalPackageData
7 silly fetchPackageMetaData grunt-cli
8 silly fetchNamedPackageData grunt-cli
9 silly mapToRegistry name grunt-cli
10 silly mapToRegistry using default registry
11 silly mapToRegistry registry https://registry.npmjs.org/
12 silly mapToRegistry data Result {
12 silly mapToRegistry   raw: 'grunt-cli',
12 silly mapToRegistry   scope: null,
12 silly mapToRegistry   escapedName: 'grunt-cli',
12 silly mapToRegistry   name: 'grunt-cli',
12 silly mapToRegistry   rawSpec: '',
12 silly mapToRegistry   spec: 'latest',
12 silly mapToRegistry   type: 'tag' }
13 silly mapToRegistry uri https://registry.npmjs.org/grunt-cli
14 verbose request uri https://registry.npmjs.org/grunt-cli
15 verbose request no auth needed
16 info attempt registry request try #1 at 15:44:34
17 verbose request id 5b90818dbfa2b0e8
18 verbose etag W/"59dc2fa1-81c4"
19 verbose lastModified Tue, 10 Oct 2017 02:25:37 GMT
20 http request GET https://registry.npmjs.org/grunt-cli
21 http 200 https://registry.npmjs.org/grunt-cli
22 verbose headers { server: 'nginx/1.10.1',
22 verbose headers   'content-type': 'application/json',
22 verbose headers   'last-modified': 'Tue, 10 Oct 2017 23:21:31 GMT',
22 verbose headers   etag: 'W/"59dd55fb-81d5"',
22 verbose headers   'content-encoding': 'gzip',
22 verbose headers   'cache-control': 'max-age=300',
22 verbose headers   'content-length': '5757',
22 verbose headers   'accept-ranges': 'bytes',
22 verbose headers   date: 'Wed, 11 Oct 2017 07:44:34 GMT',
22 verbose headers   via: '1.1 varnish',
22 verbose headers   age: '226',
22 verbose headers   connection: 'keep-alive',
22 verbose headers   'x-served-by': 'cache-itm7425-ITM',
22 verbose headers   'x-cache': 'HIT',
22 verbose headers   'x-cache-hits': '2',
22 verbose headers   'x-timer': 'S1507707875.767796,VS0,VE0',
22 verbose headers   vary: 'Accept-Encoding, Accept' }
23 silly get cb [ 200,
23 silly get   { server: 'nginx/1.10.1',
23 silly get     'content-type': 'application/json',
23 silly get     'last-modified': 'Tue, 10 Oct 2017 23:21:31 GMT',
23 silly get     etag: 'W/"59dd55fb-81d5"',
23 silly get     'content-encoding': 'gzip',
23 silly get     'cache-control': 'max-age=300',
23 silly get     'content-length': '5757',
23 silly get     'accept-ranges': 'bytes',
23 silly get     date: 'Wed, 11 Oct 2017 07:44:34 GMT',
23 silly get     via: '1.1 varnish',
23 silly get     age: '226',
23 silly get     connection: 'keep-alive',
23 silly get     'x-served-by': 'cache-itm7425-ITM',
23 silly get     'x-cache': 'HIT',
23 silly get     'x-cache-hits': '2',
23 silly get     'x-timer': 'S1507707875.767796,VS0,VE0',
23 silly get     vary: 'Accept-Encoding, Accept' } ]
24 verbose get saving grunt-cli to /Users/beck_hsu/.npm/registry.npmjs.org/grunt-cli/.cache.json
25 verbose correctMkdir /Users/beck_hsu/.npm correctMkdir not in flight; initializing
26 silly install normalizeTree
27 silly loadCurrentTree Finishing
28 silly loadIdealTree Starting
29 silly install loadIdealTree
30 silly cloneCurrentTree Starting
31 silly install cloneCurrentTreeToIdealTree
32 silly cloneCurrentTree Finishing
33 silly loadShrinkwrap Starting
34 silly install loadShrinkwrap
35 silly loadShrinkwrap Finishing
36 silly loadAllDepsIntoIdealTree Starting
37 silly install loadAllDepsIntoIdealTree
38 silly resolveWithNewModule grunt-cli@1.2.0 checking installable status
39 silly cache add args [ 'grunt-cli', null ]
40 verbose cache add spec grunt-cli
41 silly cache add parsed spec Result {
41 silly cache add   raw: 'grunt-cli',
41 silly cache add   scope: null,
41 silly cache add   escapedName: 'grunt-cli',
41 silly cache add   name: 'grunt-cli',
41 silly cache add   rawSpec: '',
41 silly cache add   spec: 'latest',
41 silly cache add   type: 'tag' }
42 silly addNamed grunt-cli@latest
43 verbose addNamed "latest" is being treated as a dist-tag for grunt-cli
44 info addNameTag [ 'grunt-cli', 'latest' ]
45 silly mapToRegistry name grunt-cli
46 silly mapToRegistry using default registry
47 silly mapToRegistry registry https://registry.npmjs.org/
48 silly mapToRegistry data Result {
48 silly mapToRegistry   raw: 'grunt-cli',
48 silly mapToRegistry   scope: null,
48 silly mapToRegistry   escapedName: 'grunt-cli',
48 silly mapToRegistry   name: 'grunt-cli',
48 silly mapToRegistry   rawSpec: '',
48 silly mapToRegistry   spec: 'latest',
48 silly mapToRegistry   type: 'tag' }
49 silly mapToRegistry uri https://registry.npmjs.org/grunt-cli
50 verbose addNameTag registry:https://registry.npmjs.org/grunt-cli not in flight; fetching
51 verbose get https://registry.npmjs.org/grunt-cli not expired, no request
52 silly addNameTag next cb for grunt-cli with tag latest
53 silly addNamed grunt-cli@1.2.0
54 verbose addNamed "1.2.0" is a plain semver version for grunt-cli
55 silly cache afterAdd grunt-cli@1.2.0
56 verbose afterAdd /Users/beck_hsu/.npm/grunt-cli/1.2.0/package/package.json not in flight; writing
57 verbose correctMkdir /Users/beck_hsu/.npm correctMkdir not in flight; initializing
58 verbose afterAdd /Users/beck_hsu/.npm/grunt-cli/1.2.0/package/package.json written
59 silly fetchNamedPackageData findup-sync
60 silly mapToRegistry name findup-sync
61 silly mapToRegistry using default registry
62 silly mapToRegistry registry https://registry.npmjs.org/
63 silly mapToRegistry data Result {
63 silly mapToRegistry   raw: 'findup-sync',
63 silly mapToRegistry   scope: null,
63 silly mapToRegistry   escapedName: 'findup-sync',
63 silly mapToRegistry   name: 'findup-sync',
63 silly mapToRegistry   rawSpec: '',
63 silly mapToRegistry   spec: 'latest',
63 silly mapToRegistry   type: 'tag' }
64 silly mapToRegistry uri https://registry.npmjs.org/findup-sync
65 silly fetchNamedPackageData grunt-known-options
66 silly mapToRegistry name grunt-known-options
67 silly mapToRegistry using default registry
68 silly mapToRegistry registry https://registry.npmjs.org/
69 silly mapToRegistry data Result {
69 silly mapToRegistry   raw: 'grunt-known-options',
69 silly mapToRegistry   scope: null,
69 silly mapToRegistry   escapedName: 'grunt-known-options',
69 silly mapToRegistry   name: 'grunt-known-options',
69 silly mapToRegistry   rawSpec: '',
69 silly mapToRegistry   spec: 'latest',
69 silly mapToRegistry   type: 'tag' }
70 silly mapToRegistry uri https://registry.npmjs.org/grunt-known-options
71 silly fetchNamedPackageData nopt
72 silly mapToRegistry name nopt
73 silly mapToRegistry using default registry
74 silly mapToRegistry registry https://registry.npmjs.org/
75 silly mapToRegistry data Result {
75 silly mapToRegistry   raw: 'nopt',
75 silly mapToRegistry   scope: null,
75 silly mapToRegistry   escapedName: 'nopt',
75 silly mapToRegistry   name: 'nopt',
75 silly mapToRegistry   rawSpec: '',
75 silly mapToRegistry   spec: 'latest',
75 silly mapToRegistry   type: 'tag' }
76 silly mapToRegistry uri https://registry.npmjs.org/nopt
77 silly fetchNamedPackageData resolve
78 silly mapToRegistry name resolve
79 silly mapToRegistry using default registry
80 silly mapToRegistry registry https://registry.npmjs.org/
81 silly mapToRegistry data Result {
81 silly mapToRegistry   raw: 'resolve',
81 silly mapToRegistry   scope: null,
81 silly mapToRegistry   escapedName: 'resolve',
81 silly mapToRegistry   name: 'resolve',
81 silly mapToRegistry   rawSpec: '',
81 silly mapToRegistry   spec: 'latest',
81 silly mapToRegistry   type: 'tag' }
82 silly mapToRegistry uri https://registry.npmjs.org/resolve
83 verbose request uri https://registry.npmjs.org/grunt-known-options
84 verbose request no auth needed
85 info attempt registry request try #1 at 15:44:34
86 verbose etag W/"56f9e838-dcc"
87 verbose lastModified Tue, 29 Mar 2016 02:28:08 GMT
88 http request GET https://registry.npmjs.org/grunt-known-options
89 verbose request uri https://registry.npmjs.org/findup-sync
90 verbose request no auth needed
91 info attempt registry request try #1 at 15:44:34
92 verbose etag W/"5988c789-596c"
93 verbose lastModified Mon, 07 Aug 2017 20:03:21 GMT
94 http request GET https://registry.npmjs.org/findup-sync
95 verbose request uri https://registry.npmjs.org/resolve
96 verbose request no auth needed
97 info attempt registry request try #1 at 15:44:34
98 verbose etag W/"59c7f704-e112"
99 verbose lastModified Sun, 24 Sep 2017 18:18:44 GMT
100 http request GET https://registry.npmjs.org/resolve
101 verbose request uri https://registry.npmjs.org/nopt
102 verbose request no auth needed
103 info attempt registry request try #1 at 15:44:34
104 verbose etag W/"5993c431-847a"
105 verbose lastModified Wed, 16 Aug 2017 04:04:01 GMT
106 http request GET https://registry.npmjs.org/nopt
107 http 304 https://registry.npmjs.org/grunt-known-options
108 verbose headers { date: 'Wed, 11 Oct 2017 07:44:35 GMT',
108 verbose headers   via: '1.1 varnish',
108 verbose headers   'cache-control': 'max-age=300',
108 verbose headers   etag: 'W/"56f9e838-dcc"',
108 verbose headers   age: '226',
108 verbose headers   connection: 'keep-alive',
108 verbose headers   'x-served-by': 'cache-itm7425-ITM',
108 verbose headers   'x-cache': 'HIT',
108 verbose headers   'x-cache-hits': '1',
108 verbose headers   'x-timer': 'S1507707875.015273,VS0,VE0',
108 verbose headers   vary: 'Accept-Encoding, Accept' }
109 silly get cb [ 304,
109 silly get   { date: 'Wed, 11 Oct 2017 07:44:35 GMT',
109 silly get     via: '1.1 varnish',
109 silly get     'cache-control': 'max-age=300',
109 silly get     etag: 'W/"56f9e838-dcc"',
109 silly get     age: '226',
109 silly get     connection: 'keep-alive',
109 silly get     'x-served-by': 'cache-itm7425-ITM',
109 silly get     'x-cache': 'HIT',
109 silly get     'x-cache-hits': '1',
109 silly get     'x-timer': 'S1507707875.015273,VS0,VE0',
109 silly get     vary: 'Accept-Encoding, Accept' } ]
110 verbose etag https://registry.npmjs.org/grunt-known-options from cache
111 verbose get saving grunt-known-options to /Users/beck_hsu/.npm/registry.npmjs.org/grunt-known-options/.cache.json
112 verbose correctMkdir /Users/beck_hsu/.npm correctMkdir not in flight; initializing
113 silly resolveWithNewModule grunt-known-options@1.1.0 checking installable status
114 silly cache add args [ 'grunt-known-options@~1.1.0', null ]
115 verbose cache add spec grunt-known-options@~1.1.0
116 silly cache add parsed spec Result {
116 silly cache add   raw: 'grunt-known-options@~1.1.0',
116 silly cache add   scope: null,
116 silly cache add   escapedName: 'grunt-known-options',
116 silly cache add   name: 'grunt-known-options',
116 silly cache add   rawSpec: '~1.1.0',
116 silly cache add   spec: '>=1.1.0 <1.2.0',
116 silly cache add   type: 'range' }
117 silly addNamed grunt-known-options@>=1.1.0 <1.2.0
118 verbose addNamed ">=1.1.0 <1.2.0" is a valid semver range for grunt-known-options
119 silly addNameRange { name: 'grunt-known-options',
119 silly addNameRange   range: '>=1.1.0 <1.2.0',
119 silly addNameRange   hasData: false }
120 silly mapToRegistry name grunt-known-options
121 silly mapToRegistry using default registry
122 silly mapToRegistry registry https://registry.npmjs.org/
123 silly mapToRegistry data Result {
123 silly mapToRegistry   raw: 'grunt-known-options',
123 silly mapToRegistry   scope: null,
123 silly mapToRegistry   escapedName: 'grunt-known-options',
123 silly mapToRegistry   name: 'grunt-known-options',
123 silly mapToRegistry   rawSpec: '',
123 silly mapToRegistry   spec: 'latest',
123 silly mapToRegistry   type: 'tag' }
124 silly mapToRegistry uri https://registry.npmjs.org/grunt-known-options
125 verbose addNameRange registry:https://registry.npmjs.org/grunt-known-options not in flight; fetching
126 verbose get https://registry.npmjs.org/grunt-known-options not expired, no request
127 silly addNameRange number 2 { name: 'grunt-known-options',
127 silly addNameRange   range: '>=1.1.0 <1.2.0',
127 silly addNameRange   hasData: true }
128 silly addNameRange versions [ 'grunt-known-options', [ '1.0.0', '1.1.0' ] ]
129 silly addNamed grunt-known-options@1.1.0
130 verbose addNamed "1.1.0" is a plain semver version for grunt-known-options
131 silly cache afterAdd grunt-known-options@1.1.0
132 verbose afterAdd /Users/beck_hsu/.npm/grunt-known-options/1.1.0/package/package.json not in flight; writing
133 verbose correctMkdir /Users/beck_hsu/.npm correctMkdir not in flight; initializing
134 verbose afterAdd /Users/beck_hsu/.npm/grunt-known-options/1.1.0/package/package.json written
135 http 304 https://registry.npmjs.org/findup-sync
136 verbose headers { date: 'Wed, 11 Oct 2017 07:44:35 GMT',
136 verbose headers   via: '1.1 varnish',
136 verbose headers   'cache-control': 'max-age=300',
136 verbose headers   etag: 'W/"5988c789-596c"',
136 verbose headers   age: '136',
136 verbose headers   connection: 'keep-alive',
136 verbose headers   'x-served-by': 'cache-itm7425-ITM',
136 verbose headers   'x-cache': 'HIT',
136 verbose headers   'x-cache-hits': '1',
136 verbose headers   'x-timer': 'S1507707875.204261,VS0,VE0',
136 verbose headers   vary: 'Accept-Encoding, Accept' }
137 silly get cb [ 304,
137 silly get   { date: 'Wed, 11 Oct 2017 07:44:35 GMT',
137 silly get     via: '1.1 varnish',
137 silly get     'cache-control': 'max-age=300',
137 silly get     etag: 'W/"5988c789-596c"',
137 silly get     age: '136',
137 silly get     connection: 'keep-alive',
137 silly get     'x-served-by': 'cache-itm7425-ITM',
137 silly get     'x-cache': 'HIT',
137 silly get     'x-cache-hits': '1',
137 silly get     'x-timer': 'S1507707875.204261,VS0,VE0',
137 silly get     vary: 'Accept-Encoding, Accept' } ]
138 verbose etag https://registry.npmjs.org/findup-sync from cache
139 verbose get saving findup-sync to /Users/beck_hsu/.npm/registry.npmjs.org/findup-sync/.cache.json
140 verbose correctMkdir /Users/beck_hsu/.npm correctMkdir not in flight; initializing
141 silly resolveWithNewModule findup-sync@0.3.0 checking installable status
142 silly cache add args [ 'findup-sync@~0.3.0', null ]
143 verbose cache add spec findup-sync@~0.3.0
144 silly cache add parsed spec Result {
144 silly cache add   raw: 'findup-sync@~0.3.0',
144 silly cache add   scope: null,
144 silly cache add   escapedName: 'findup-sync',
144 silly cache add   name: 'findup-sync',
144 silly cache add   rawSpec: '~0.3.0',
144 silly cache add   spec: '>=0.3.0 <0.4.0',
144 silly cache add   type: 'range' }
145 silly addNamed findup-sync@>=0.3.0 <0.4.0
146 verbose addNamed ">=0.3.0 <0.4.0" is a valid semver range for findup-sync
147 silly addNameRange { name: 'findup-sync', range: '>=0.3.0 <0.4.0', hasData: false }
148 silly mapToRegistry name findup-sync
149 silly mapToRegistry using default registry
150 silly mapToRegistry registry https://registry.npmjs.org/
151 silly mapToRegistry data Result {
151 silly mapToRegistry   raw: 'findup-sync',
151 silly mapToRegistry   scope: null,
151 silly mapToRegistry   escapedName: 'findup-sync',
151 silly mapToRegistry   name: 'findup-sync',
151 silly mapToRegistry   rawSpec: '',
151 silly mapToRegistry   spec: 'latest',
151 silly mapToRegistry   type: 'tag' }
152 silly mapToRegistry uri https://registry.npmjs.org/findup-sync
153 verbose addNameRange registry:https://registry.npmjs.org/findup-sync not in flight; fetching
154 verbose get https://registry.npmjs.org/findup-sync not expired, no request
155 silly addNameRange number 2 { name: 'findup-sync', range: '>=0.3.0 <0.4.0', hasData: true }
156 silly addNameRange versions [ 'findup-sync',
156 silly addNameRange   [ '0.1.0',
156 silly addNameRange     '0.1.1',
156 silly addNameRange     '0.1.2',
156 silly addNameRange     '0.1.3',
156 silly addNameRange     '0.2.0',
156 silly addNameRange     '0.2.1',
156 silly addNameRange     '0.3.0',
156 silly addNameRange     '0.4.0',
156 silly addNameRange     '0.4.1',
156 silly addNameRange     '0.4.2',
156 silly addNameRange     '0.4.3',
156 silly addNameRange     '1.0.0',
156 silly addNameRange     '2.0.0' ] ]
157 silly addNamed findup-sync@0.3.0
158 verbose addNamed "0.3.0" is a plain semver version for findup-sync
159 silly cache afterAdd findup-sync@0.3.0
160 verbose afterAdd /Users/beck_hsu/.npm/findup-sync/0.3.0/package/package.json not in flight; writing
161 verbose correctMkdir /Users/beck_hsu/.npm correctMkdir not in flight; initializing
162 verbose afterAdd /Users/beck_hsu/.npm/findup-sync/0.3.0/package/package.json written
163 http 304 https://registry.npmjs.org/nopt
164 verbose headers { date: 'Wed, 11 Oct 2017 07:44:35 GMT',
164 verbose headers   via: '1.1 varnish',
164 verbose headers   'cache-control': 'max-age=300',
164 verbose headers   etag: 'W/"5993c431-847a"',
164 verbose headers   age: '87',
164 verbose headers   connection: 'keep-alive',
164 verbose headers   'x-served-by': 'cache-itm7420-ITM',
164 verbose headers   'x-cache': 'HIT',
164 verbose headers   'x-cache-hits': '2',
164 verbose headers   'x-timer': 'S1507707875.216915,VS0,VE0',
164 verbose headers   vary: 'Accept-Encoding, Accept' }
165 silly get cb [ 304,
165 silly get   { date: 'Wed, 11 Oct 2017 07:44:35 GMT',
165 silly get     via: '1.1 varnish',
165 silly get     'cache-control': 'max-age=300',
165 silly get     etag: 'W/"5993c431-847a"',
165 silly get     age: '87',
165 silly get     connection: 'keep-alive',
165 silly get     'x-served-by': 'cache-itm7420-ITM',
165 silly get     'x-cache': 'HIT',
165 silly get     'x-cache-hits': '2',
165 silly get     'x-timer': 'S1507707875.216915,VS0,VE0',
165 silly get     vary: 'Accept-Encoding, Accept' } ]
166 verbose etag https://registry.npmjs.org/nopt from cache
167 verbose get saving nopt to /Users/beck_hsu/.npm/registry.npmjs.org/nopt/.cache.json
168 verbose correctMkdir /Users/beck_hsu/.npm correctMkdir not in flight; initializing
169 http 200 https://registry.npmjs.org/resolve
170 verbose headers { server: 'nginx/1.10.3',
170 verbose headers   'content-type': 'application/json',
170 verbose headers   'last-modified': 'Wed, 11 Oct 2017 07:38:56 GMT',
170 verbose headers   etag: 'W/"59ddca90-e122"',
170 verbose headers   'content-encoding': 'gzip',
170 verbose headers   'cache-control': 'max-age=300',
170 verbose headers   'content-length': '7453',
170 verbose headers   'accept-ranges': 'bytes',
170 verbose headers   date: 'Wed, 11 Oct 2017 07:44:35 GMT',
170 verbose headers   via: '1.1 varnish',
170 verbose headers   age: '18',
170 verbose headers   connection: 'keep-alive',
170 verbose headers   'x-served-by': 'cache-itm7422-ITM',
170 verbose headers   'x-cache': 'HIT',
170 verbose headers   'x-cache-hits': '12',
170 verbose headers   'x-timer': 'S1507707875.211976,VS0,VE0',
170 verbose headers   vary: 'Accept-Encoding, Accept' }
171 silly get cb [ 200,
171 silly get   { server: 'nginx/1.10.3',
171 silly get     'content-type': 'application/json',
171 silly get     'last-modified': 'Wed, 11 Oct 2017 07:38:56 GMT',
171 silly get     etag: 'W/"59ddca90-e122"',
171 silly get     'content-encoding': 'gzip',
171 silly get     'cache-control': 'max-age=300',
171 silly get     'content-length': '7453',
171 silly get     'accept-ranges': 'bytes',
171 silly get     date: 'Wed, 11 Oct 2017 07:44:35 GMT',
171 silly get     via: '1.1 varnish',
171 silly get     age: '18',
171 silly get     connection: 'keep-alive',
171 silly get     'x-served-by': 'cache-itm7422-ITM',
171 silly get     'x-cache': 'HIT',
171 silly get     'x-cache-hits': '12',
171 silly get     'x-timer': 'S1507707875.211976,VS0,VE0',
171 silly get     vary: 'Accept-Encoding, Accept' } ]
172 verbose get saving resolve to /Users/beck_hsu/.npm/registry.npmjs.org/resolve/.cache.json
173 verbose correctMkdir /Users/beck_hsu/.npm correctMkdir not in flight; initializing
174 silly resolveWithNewModule nopt@3.0.6 checking installable status
175 silly cache add args [ 'nopt@~3.0.6', null ]
176 verbose cache add spec nopt@~3.0.6
177 silly cache add parsed spec Result {
177 silly cache add   raw: 'nopt@~3.0.6',
177 silly cache add   scope: null,
177 silly cache add   escapedName: 'nopt',
177 silly cache add   name: 'nopt',
177 silly cache add   rawSpec: '~3.0.6',
177 silly cache add   spec: '>=3.0.6 <3.1.0',
177 silly cache add   type: 'range' }
178 silly addNamed nopt@>=3.0.6 <3.1.0
179 verbose addNamed ">=3.0.6 <3.1.0" is a valid semver range for nopt
180 silly addNameRange { name: 'nopt', range: '>=3.0.6 <3.1.0', hasData: false }
181 silly mapToRegistry name nopt
182 silly mapToRegistry using default registry
183 silly mapToRegistry registry https://registry.npmjs.org/
184 silly mapToRegistry data Result {
184 silly mapToRegistry   raw: 'nopt',
184 silly mapToRegistry   scope: null,
184 silly mapToRegistry   escapedName: 'nopt',
184 silly mapToRegistry   name: 'nopt',
184 silly mapToRegistry   rawSpec: '',
184 silly mapToRegistry   spec: 'latest',
184 silly mapToRegistry   type: 'tag' }
185 silly mapToRegistry uri https://registry.npmjs.org/nopt
186 verbose addNameRange registry:https://registry.npmjs.org/nopt not in flight; fetching
187 verbose get https://registry.npmjs.org/nopt not expired, no request
188 silly addNameRange number 2 { name: 'nopt', range: '>=3.0.6 <3.1.0', hasData: true }
189 silly addNameRange versions [ 'nopt',
189 silly addNameRange   [ '1.0.0',
189 silly addNameRange     '1.0.1',
189 silly addNameRange     '1.0.2',
189 silly addNameRange     '1.0.3',
189 silly addNameRange     '1.0.4',
189 silly addNameRange     '1.0.5',
189 silly addNameRange     '1.0.6',
189 silly addNameRange     '1.0.7',
189 silly addNameRange     '1.0.8',
189 silly addNameRange     '1.0.9',
189 silly addNameRange     '1.0.10',
189 silly addNameRange     '2.0.0',
189 silly addNameRange     '2.1.0',
189 silly addNameRange     '2.1.1',
189 silly addNameRange     '2.1.2',
189 silly addNameRange     '2.2.0',
189 silly addNameRange     '2.2.1',
189 silly addNameRange     '3.0.0',
189 silly addNameRange     '3.0.1',
189 silly addNameRange     '3.0.2',
189 silly addNameRange     '3.0.3',
189 silly addNameRange     '3.0.4',
189 silly addNameRange     '3.0.5',
189 silly addNameRange     '3.0.6',
189 silly addNameRange     '4.0.0',
189 silly addNameRange     '4.0.1' ] ]
190 silly addNamed nopt@3.0.6
191 verbose addNamed "3.0.6" is a plain semver version for nopt
192 silly resolveWithNewModule resolve@1.1.7 checking installable status
193 silly cache add args [ 'resolve@~1.1.0', null ]
194 verbose cache add spec resolve@~1.1.0
195 silly cache add parsed spec Result {
195 silly cache add   raw: 'resolve@~1.1.0',
195 silly cache add   scope: null,
195 silly cache add   escapedName: 'resolve',
195 silly cache add   name: 'resolve',
195 silly cache add   rawSpec: '~1.1.0',
195 silly cache add   spec: '>=1.1.0 <1.2.0',
195 silly cache add   type: 'range' }
196 silly addNamed resolve@>=1.1.0 <1.2.0
197 verbose addNamed ">=1.1.0 <1.2.0" is a valid semver range for resolve
198 silly addNameRange { name: 'resolve', range: '>=1.1.0 <1.2.0', hasData: false }
199 silly mapToRegistry name resolve
200 silly mapToRegistry using default registry
201 silly mapToRegistry registry https://registry.npmjs.org/
202 silly mapToRegistry data Result {
202 silly mapToRegistry   raw: 'resolve',
202 silly mapToRegistry   scope: null,
202 silly mapToRegistry   escapedName: 'resolve',
202 silly mapToRegistry   name: 'resolve',
202 silly mapToRegistry   rawSpec: '',
202 silly mapToRegistry   spec: 'latest',
202 silly mapToRegistry   type: 'tag' }
203 silly mapToRegistry uri https://registry.npmjs.org/resolve
204 verbose addNameRange registry:https://registry.npmjs.org/resolve not in flight; fetching
205 silly cache afterAdd nopt@3.0.6
206 verbose afterAdd /Users/beck_hsu/.npm/nopt/3.0.6/package/package.json not in flight; writing
207 verbose correctMkdir /Users/beck_hsu/.npm correctMkdir not in flight; initializing
208 verbose get https://registry.npmjs.org/resolve not expired, no request
209 silly addNameRange number 2 { name: 'resolve', range: '>=1.1.0 <1.2.0', hasData: true }
210 silly addNameRange versions [ 'resolve',
210 silly addNameRange   [ '0.0.0',
210 silly addNameRange     '0.0.1',
210 silly addNameRange     '0.0.2',
210 silly addNameRange     '0.0.3',
210 silly addNameRange     '0.0.4',
210 silly addNameRange     '0.1.0',
210 silly addNameRange     '0.1.2',
210 silly addNameRange     '0.1.3',
210 silly addNameRange     '0.2.0',
210 silly addNameRange     '0.2.1',
210 silly addNameRange     '0.2.2',
210 silly addNameRange     '0.2.3',
210 silly addNameRange     '0.2.4',
210 silly addNameRange     '0.2.5',
210 silly addNameRange     '0.2.6',
210 silly addNameRange     '0.2.7',
210 silly addNameRange     '0.2.8',
210 silly addNameRange     '0.3.0',
210 silly addNameRange     '0.3.1',
210 silly addNameRange     '0.4.0',
210 silly addNameRange     '0.4.1',
210 silly addNameRange     '0.4.2',
210 silly addNameRange     '0.4.3',
210 silly addNameRange     '0.5.0',
210 silly addNameRange     '0.5.1',
210 silly addNameRange     '0.6.0',
210 silly addNameRange     '0.6.1',
210 silly addNameRange     '0.6.2',
210 silly addNameRange     '0.6.3',
210 silly addNameRange     '0.7.0',
210 silly addNameRange     '0.7.1',
210 silly addNameRange     '0.7.2',
210 silly addNameRange     '0.7.3',
210 silly addNameRange     '0.7.4',
210 silly addNameRange     '1.0.0',
210 silly addNameRange     '1.1.0',
210 silly addNameRange     '1.1.2',
210 silly addNameRange     '1.1.3',
210 silly addNameRange     '1.1.4',
210 silly addNameRange     '1.1.5',
210 silly addNameRange     '1.1.6',
210 silly addNameRange     '1.1.7',
210 silly addNameRange     '1.2.0',
210 silly addNameRange     '1.3.0',
210 silly addNameRange     '1.3.1',
210 silly addNameRange     '1.2.1',
210 silly addNameRange     '1.3.2',
210 silly addNameRange     '1.3.3',
210 silly addNameRange     '1.4.0' ] ]
211 silly addNamed resolve@1.1.7
212 verbose addNamed "1.1.7" is a plain semver version for resolve
213 verbose afterAdd /Users/beck_hsu/.npm/nopt/3.0.6/package/package.json written
214 silly cache afterAdd resolve@1.1.7
215 verbose afterAdd /Users/beck_hsu/.npm/resolve/1.1.7/package/package.json not in flight; writing
216 verbose correctMkdir /Users/beck_hsu/.npm correctMkdir not in flight; initializing
217 verbose afterAdd /Users/beck_hsu/.npm/resolve/1.1.7/package/package.json written
218 silly fetchNamedPackageData glob
219 silly mapToRegistry name glob
220 silly mapToRegistry using default registry
221 silly mapToRegistry registry https://registry.npmjs.org/
222 silly mapToRegistry data Result {
222 silly mapToRegistry   raw: 'glob',
222 silly mapToRegistry   scope: null,
222 silly mapToRegistry   escapedName: 'glob',
222 silly mapToRegistry   name: 'glob',
222 silly mapToRegistry   rawSpec: '',
222 silly mapToRegistry   spec: 'latest',
222 silly mapToRegistry   type: 'tag' }
223 silly mapToRegistry uri https://registry.npmjs.org/glob
224 verbose request uri https://registry.npmjs.org/glob
225 verbose request no auth needed
226 info attempt registry request try #1 at 15:44:35
227 verbose etag W/"59da4fa2-1ffbf"
228 verbose lastModified Sun, 08 Oct 2017 16:17:38 GMT
229 http request GET https://registry.npmjs.org/glob
230 http 304 https://registry.npmjs.org/glob
231 verbose headers { date: 'Wed, 11 Oct 2017 07:44:35 GMT',
231 verbose headers   via: '1.1 varnish',
231 verbose headers   'cache-control': 'max-age=300',
231 verbose headers   etag: 'W/"59da4fa2-1ffbf"',
231 verbose headers   age: '274',
231 verbose headers   connection: 'keep-alive',
231 verbose headers   'x-served-by': 'cache-itm7425-ITM',
231 verbose headers   'x-cache': 'HIT',
231 verbose headers   'x-cache-hits': '15',
231 verbose headers   'x-timer': 'S1507707875.387194,VS0,VE0',
231 verbose headers   vary: 'Accept-Encoding, Accept' }
232 silly get cb [ 304,
232 silly get   { date: 'Wed, 11 Oct 2017 07:44:35 GMT',
232 silly get     via: '1.1 varnish',
232 silly get     'cache-control': 'max-age=300',
232 silly get     etag: 'W/"59da4fa2-1ffbf"',
232 silly get     age: '274',
232 silly get     connection: 'keep-alive',
232 silly get     'x-served-by': 'cache-itm7425-ITM',
232 silly get     'x-cache': 'HIT',
232 silly get     'x-cache-hits': '15',
232 silly get     'x-timer': 'S1507707875.387194,VS0,VE0',
232 silly get     vary: 'Accept-Encoding, Accept' } ]
233 verbose etag https://registry.npmjs.org/glob from cache
234 verbose get saving glob to /Users/beck_hsu/.npm/registry.npmjs.org/glob/.cache.json
235 verbose correctMkdir /Users/beck_hsu/.npm correctMkdir not in flight; initializing
236 silly resolveWithNewModule glob@5.0.15 checking installable status
237 silly cache add args [ 'glob@~5.0.0', null ]
238 verbose cache add spec glob@~5.0.0
239 silly cache add parsed spec Result {
239 silly cache add   raw: 'glob@~5.0.0',
239 silly cache add   scope: null,
239 silly cache add   escapedName: 'glob',
239 silly cache add   name: 'glob',
239 silly cache add   rawSpec: '~5.0.0',
239 silly cache add   spec: '>=5.0.0 <5.1.0',
239 silly cache add   type: 'range' }
240 silly addNamed glob@>=5.0.0 <5.1.0
241 verbose addNamed ">=5.0.0 <5.1.0" is a valid semver range for glob
242 silly addNameRange { name: 'glob', range: '>=5.0.0 <5.1.0', hasData: false }
243 silly mapToRegistry name glob
244 silly mapToRegistry using default registry
245 silly mapToRegistry registry https://registry.npmjs.org/
246 silly mapToRegistry data Result {
246 silly mapToRegistry   raw: 'glob',
246 silly mapToRegistry   scope: null,
246 silly mapToRegistry   escapedName: 'glob',
246 silly mapToRegistry   name: 'glob',
246 silly mapToRegistry   rawSpec: '',
246 silly mapToRegistry   spec: 'latest',
246 silly mapToRegistry   type: 'tag' }
247 silly mapToRegistry uri https://registry.npmjs.org/glob
248 verbose addNameRange registry:https://registry.npmjs.org/glob not in flight; fetching
249 verbose get https://registry.npmjs.org/glob not expired, no request
250 silly addNameRange number 2 { name: 'glob', range: '>=5.0.0 <5.1.0', hasData: true }
251 silly addNameRange versions [ 'glob',
251 silly addNameRange   [ '1.1.0',
251 silly addNameRange     '2.0.9',
251 silly addNameRange     '2.0.8',
251 silly addNameRange     '2.0.7',
251 silly addNameRange     '2.1.0',
251 silly addNameRange     '3.0.0',
251 silly addNameRange     '3.0.1',
251 silly addNameRange     '3.1.0',
251 silly addNameRange     '3.1.1',
251 silly addNameRange     '3.1.2',
251 silly addNameRange     '3.1.3',
251 silly addNameRange     '3.1.4',
251 silly addNameRange     '3.1.5',
251 silly addNameRange     '3.1.6',
251 silly addNameRange     '3.1.7',
251 silly addNameRange     '3.1.9',
251 silly addNameRange     '3.1.10',
251 silly addNameRange     '3.1.11',
251 silly addNameRange     '3.1.12',
251 silly addNameRange     '3.1.13',
251 silly addNameRange     '3.1.14',
251 silly addNameRange     '3.1.15',
251 silly addNameRange     '3.1.16',
251 silly addNameRange     '3.1.17',
251 silly addNameRange     '3.1.18',
251 silly addNameRange     '3.1.19',
251 silly addNameRange     '3.1.20',
251 silly addNameRange     '3.1.21',
251 silly addNameRange     '3.2.0',
251 silly addNameRange     '3.2.1',
251 silly addNameRange     '3.2.3',
251 silly addNameRange     '3.2.4',
251 silly addNameRange     '3.2.5',
251 silly addNameRange     '3.2.6',
251 silly addNameRange     '3.2.7',
251 silly addNameRange     '3.2.8',
251 silly addNameRange     '3.2.9',
251 silly addNameRange     '3.2.10',
251 silly addNameRange     '3.2.11',
251 silly addNameRange     '4.0.0',
251 silly addNameRange     '4.0.1',
251 silly addNameRange     '4.0.2',
251 silly addNameRange     '4.0.3',
251 silly addNameRange     '4.0.4',
251 silly addNameRange     '4.0.5',
251 silly addNameRange     '4.0.6',
251 silly addNameRange     '4.1.2-beta',
251 silly addNameRange     '4.1.2',
251 silly addNameRange     '4.1.3',
251 silly addNameRange     '4.1.4',
251 silly addNameRange     '4.1.5',
251 silly addNameRange     '4.1.6',
251 silly addNameRange     '4.2.0',
251 silly addNameRange     '4.2.1',
251 silly addNameRange     '4.2.2',
251 silly addNameRange     '4.3.0',
251 silly addNameRange     '4.3.1',
251 silly addNameRange     '4.3.2',
251 silly addNameRange     '4.3.3',
251 silly addNameRange     '4.3.4',
251 silly addNameRange     '4.3.5',
251 silly addNameRange     '4.4.0',
251 silly addNameRange     '4.4.2',
251 silly addNameRange     '4.5.0',
251 silly addNameRange     '5.0.0',
251 silly addNameRange     '4.5.1',
251 silly addNameRange     '5.0.1',
251 silly addNameRange     '4.5.2',
251 silly addNameRange     '5.0.2',
251 silly addNameRange     '4.5.3',
251 silly addNameRange     '5.0.3',
251 silly addNameRange     '5.0.4',
251 silly addNameRange     '5.0.5',
251 silly addNameRange     '5.0.6',
251 silly addNameRange     '5.0.7',
251 silly addNameRange     '5.0.9',
251 silly addNameRange     '5.0.10',
251 silly addNameRange     '5.0.11',
251 silly addNameRange     '5.0.12',
251 silly addNameRange     '5.0.13',
251 silly addNameRange     '5.0.14',
251 silly addNameRange     '5.0.15',
251 silly addNameRange     '6.0.1',
251 silly addNameRange     '6.0.2',
251 silly addNameRange     '6.0.3',
251 silly addNameRange     '6.0.4',
251 silly addNameRange     '7.0.0',
251 silly addNameRange     '7.0.1',
251 silly addNameRange     '7.0.3',
251 silly addNameRange     '7.0.4',
251 silly addNameRange     '7.0.5',
251 silly addNameRange     '7.0.6',
251 silly addNameRange     '7.1.0',
251 silly addNameRange     '7.1.1',
251 silly addNameRange     '7.1.2' ] ]
252 silly addNamed glob@5.0.15
253 verbose addNamed "5.0.15" is a plain semver version for glob
254 silly cache afterAdd glob@5.0.15
255 verbose afterAdd /Users/beck_hsu/.npm/glob/5.0.15/package/package.json not in flight; writing
256 verbose correctMkdir /Users/beck_hsu/.npm correctMkdir not in flight; initializing
257 verbose afterAdd /Users/beck_hsu/.npm/glob/5.0.15/package/package.json written
258 silly fetchNamedPackageData inflight
259 silly mapToRegistry name inflight
260 silly mapToRegistry using default registry
261 silly mapToRegistry registry https://registry.npmjs.org/
262 silly mapToRegistry data Result {
262 silly mapToRegistry   raw: 'inflight',
262 silly mapToRegistry   scope: null,
262 silly mapToRegistry   escapedName: 'inflight',
262 silly mapToRegistry   name: 'inflight',
262 silly mapToRegistry   rawSpec: '',
262 silly mapToRegistry   spec: 'latest',
262 silly mapToRegistry   type: 'tag' }
263 silly mapToRegistry uri https://registry.npmjs.org/inflight
264 silly fetchNamedPackageData inherits
265 silly mapToRegistry name inherits
266 silly mapToRegistry using default registry
267 silly mapToRegistry registry https://registry.npmjs.org/
268 silly mapToRegistry data Result {
268 silly mapToRegistry   raw: 'inherits',
268 silly mapToRegistry   scope: null,
268 silly mapToRegistry   escapedName: 'inherits',
268 silly mapToRegistry   name: 'inherits',
268 silly mapToRegistry   rawSpec: '',
268 silly mapToRegistry   spec: 'latest',
268 silly mapToRegistry   type: 'tag' }
269 silly mapToRegistry uri https://registry.npmjs.org/inherits
270 silly fetchNamedPackageData minimatch
271 silly mapToRegistry name minimatch
272 silly mapToRegistry using default registry
273 silly mapToRegistry registry https://registry.npmjs.org/
274 silly mapToRegistry data Result {
274 silly mapToRegistry   raw: 'minimatch',
274 silly mapToRegistry   scope: null,
274 silly mapToRegistry   escapedName: 'minimatch',
274 silly mapToRegistry   name: 'minimatch',
274 silly mapToRegistry   rawSpec: '',
274 silly mapToRegistry   spec: 'latest',
274 silly mapToRegistry   type: 'tag' }
275 silly mapToRegistry uri https://registry.npmjs.org/minimatch
276 silly fetchNamedPackageData once
277 silly mapToRegistry name once
278 silly mapToRegistry using default registry
279 silly mapToRegistry registry https://registry.npmjs.org/
280 silly mapToRegistry data Result {
280 silly mapToRegistry   raw: 'once',
280 silly mapToRegistry   scope: null,
280 silly mapToRegistry   escapedName: 'once',
280 silly mapToRegistry   name: 'once',
280 silly mapToRegistry   rawSpec: '',
280 silly mapToRegistry   spec: 'latest',
280 silly mapToRegistry   type: 'tag' }
281 silly mapToRegistry uri https://registry.npmjs.org/once
282 silly fetchNamedPackageData path-is-absolute
283 silly mapToRegistry name path-is-absolute
284 silly mapToRegistry using default registry
285 silly mapToRegistry registry https://registry.npmjs.org/
286 silly mapToRegistry data Result {
286 silly mapToRegistry   raw: 'path-is-absolute',
286 silly mapToRegistry   scope: null,
286 silly mapToRegistry   escapedName: 'path-is-absolute',
286 silly mapToRegistry   name: 'path-is-absolute',
286 silly mapToRegistry   rawSpec: '',
286 silly mapToRegistry   spec: 'latest',
286 silly mapToRegistry   type: 'tag' }
287 silly mapToRegistry uri https://registry.npmjs.org/path-is-absolute
288 verbose request uri https://registry.npmjs.org/inflight
289 verbose request no auth needed
290 info attempt registry request try #1 at 15:44:35
291 verbose etag W/"594446cc-25b8"
292 verbose lastModified Fri, 16 Jun 2017 20:59:56 GMT
293 http request GET https://registry.npmjs.org/inflight
294 verbose request uri https://registry.npmjs.org/inherits
295 verbose request no auth needed
296 info attempt registry request try #1 at 15:44:35
297 verbose etag W/"5945d779-2230"
298 verbose lastModified Sun, 18 Jun 2017 01:29:29 GMT
299 http request GET https://registry.npmjs.org/inherits
300 verbose request uri https://registry.npmjs.org/once
301 verbose request no auth needed
302 info attempt registry request try #1 at 15:44:35
303 verbose etag W/"59c8ea03-2605"
304 verbose lastModified Mon, 25 Sep 2017 11:35:31 GMT
305 http request GET https://registry.npmjs.org/once
306 verbose request uri https://registry.npmjs.org/minimatch
307 verbose request no auth needed
308 info attempt registry request try #1 at 15:44:35
309 verbose etag W/"59bcb588-d203"
310 verbose lastModified Sat, 16 Sep 2017 05:24:24 GMT
311 http request GET https://registry.npmjs.org/minimatch
312 verbose request uri https://registry.npmjs.org/path-is-absolute
313 verbose request no auth needed
314 info attempt registry request try #1 at 15:44:35
315 verbose etag W/"58e77292-133a"
316 verbose lastModified Fri, 07 Apr 2017 11:05:54 GMT
317 http request GET https://registry.npmjs.org/path-is-absolute
318 http 304 https://registry.npmjs.org/inherits
319 verbose headers { date: 'Wed, 11 Oct 2017 07:44:35 GMT',
319 verbose headers   via: '1.1 varnish',
319 verbose headers   'cache-control': 'max-age=300',
319 verbose headers   etag: 'W/"5945d779-2230"',
319 verbose headers   age: '270',
319 verbose headers   connection: 'keep-alive',
319 verbose headers   'x-served-by': 'cache-itm7422-ITM',
319 verbose headers   'x-cache': 'HIT',
319 verbose headers   'x-cache-hits': '15',
319 verbose headers   'x-timer': 'S1507707876.509243,VS0,VE0',
319 verbose headers   vary: 'Accept-Encoding, Accept' }
320 silly get cb [ 304,
320 silly get   { date: 'Wed, 11 Oct 2017 07:44:35 GMT',
320 silly get     via: '1.1 varnish',
320 silly get     'cache-control': 'max-age=300',
320 silly get     etag: 'W/"5945d779-2230"',
320 silly get     age: '270',
320 silly get     connection: 'keep-alive',
320 silly get     'x-served-by': 'cache-itm7422-ITM',
320 silly get     'x-cache': 'HIT',
320 silly get     'x-cache-hits': '15',
320 silly get     'x-timer': 'S1507707876.509243,VS0,VE0',
320 silly get     vary: 'Accept-Encoding, Accept' } ]
321 verbose etag https://registry.npmjs.org/inherits from cache
322 verbose get saving inherits to /Users/beck_hsu/.npm/registry.npmjs.org/inherits/.cache.json
323 verbose correctMkdir /Users/beck_hsu/.npm correctMkdir not in flight; initializing
324 http 304 https://registry.npmjs.org/inflight
325 verbose headers { date: 'Wed, 11 Oct 2017 07:44:35 GMT',
325 verbose headers   via: '1.1 varnish',
325 verbose headers   'cache-control': 'max-age=300',
325 verbose headers   etag: 'W/"594446cc-25b8"',
325 verbose headers   age: '15',
325 verbose headers   connection: 'keep-alive',
325 verbose headers   'x-served-by': 'cache-itm7425-ITM',
325 verbose headers   'x-cache': 'HIT',
325 verbose headers   'x-cache-hits': '1',
325 verbose headers   'x-timer': 'S1507707876.507844,VS0,VE0',
325 verbose headers   vary: 'Accept-Encoding, Accept' }
326 silly get cb [ 304,
326 silly get   { date: 'Wed, 11 Oct 2017 07:44:35 GMT',
326 silly get     via: '1.1 varnish',
326 silly get     'cache-control': 'max-age=300',
326 silly get     etag: 'W/"594446cc-25b8"',
326 silly get     age: '15',
326 silly get     connection: 'keep-alive',
326 silly get     'x-served-by': 'cache-itm7425-ITM',
326 silly get     'x-cache': 'HIT',
326 silly get     'x-cache-hits': '1',
326 silly get     'x-timer': 'S1507707876.507844,VS0,VE0',
326 silly get     vary: 'Accept-Encoding, Accept' } ]
327 verbose etag https://registry.npmjs.org/inflight from cache
328 verbose get saving inflight to /Users/beck_hsu/.npm/registry.npmjs.org/inflight/.cache.json
329 verbose correctMkdir /Users/beck_hsu/.npm correctMkdir not in flight; initializing
330 http 304 https://registry.npmjs.org/once
331 verbose headers { date: 'Wed, 11 Oct 2017 07:44:35 GMT',
331 verbose headers   via: '1.1 varnish',
331 verbose headers   'cache-control': 'max-age=300',
331 verbose headers   etag: 'W/"59c8ea03-2605"',
331 verbose headers   age: '274',
331 verbose headers   connection: 'keep-alive',
331 verbose headers   'x-served-by': 'cache-itm7420-ITM',
331 verbose headers   'x-cache': 'HIT',
331 verbose headers   'x-cache-hits': '5',
331 verbose headers   'x-timer': 'S1507707876.512855,VS0,VE0',
331 verbose headers   vary: 'Accept-Encoding, Accept' }
332 silly get cb [ 304,
332 silly get   { date: 'Wed, 11 Oct 2017 07:44:35 GMT',
332 silly get     via: '1.1 varnish',
332 silly get     'cache-control': 'max-age=300',
332 silly get     etag: 'W/"59c8ea03-2605"',
332 silly get     age: '274',
332 silly get     connection: 'keep-alive',
332 silly get     'x-served-by': 'cache-itm7420-ITM',
332 silly get     'x-cache': 'HIT',
332 silly get     'x-cache-hits': '5',
332 silly get     'x-timer': 'S1507707876.512855,VS0,VE0',
332 silly get     vary: 'Accept-Encoding, Accept' } ]
333 verbose etag https://registry.npmjs.org/once from cache
334 verbose get saving once to /Users/beck_hsu/.npm/registry.npmjs.org/once/.cache.json
335 verbose correctMkdir /Users/beck_hsu/.npm correctMkdir not in flight; initializing
336 http 304 https://registry.npmjs.org/minimatch
337 verbose headers { date: 'Wed, 11 Oct 2017 07:44:35 GMT',
337 verbose headers   via: '1.1 varnish',
337 verbose headers   'cache-control': 'max-age=300',
337 verbose headers   etag: 'W/"59bcb588-d203"',
337 verbose headers   age: '4',
337 verbose headers   connection: 'keep-alive',
337 verbose headers   'x-served-by': 'cache-itm7425-ITM',
337 verbose headers   'x-cache': 'HIT',
337 verbose headers   'x-cache-hits': '2',
337 verbose headers   'x-timer': 'S1507707876.512708,VS0,VE0',
337 verbose headers   vary: 'Accept-Encoding, Accept' }
338 silly get cb [ 304,
338 silly get   { date: 'Wed, 11 Oct 2017 07:44:35 GMT',
338 silly get     via: '1.1 varnish',
338 silly get     'cache-control': 'max-age=300',
338 silly get     etag: 'W/"59bcb588-d203"',
338 silly get     age: '4',
338 silly get     connection: 'keep-alive',
338 silly get     'x-served-by': 'cache-itm7425-ITM',
338 silly get     'x-cache': 'HIT',
338 silly get     'x-cache-hits': '2',
338 silly get     'x-timer': 'S1507707876.512708,VS0,VE0',
338 silly get     vary: 'Accept-Encoding, Accept' } ]
339 verbose etag https://registry.npmjs.org/minimatch from cache
340 verbose get saving minimatch to /Users/beck_hsu/.npm/registry.npmjs.org/minimatch/.cache.json
341 verbose correctMkdir /Users/beck_hsu/.npm correctMkdir not in flight; initializing
342 silly resolveWithNewModule inflight@1.0.6 checking installable status
343 silly cache add args [ 'inflight@^1.0.4', null ]
344 verbose cache add spec inflight@^1.0.4
345 silly cache add parsed spec Result {
345 silly cache add   raw: 'inflight@^1.0.4',
345 silly cache add   scope: null,
345 silly cache add   escapedName: 'inflight',
345 silly cache add   name: 'inflight',
345 silly cache add   rawSpec: '^1.0.4',
345 silly cache add   spec: '>=1.0.4 <2.0.0',
345 silly cache add   type: 'range' }
346 silly addNamed inflight@>=1.0.4 <2.0.0
347 verbose addNamed ">=1.0.4 <2.0.0" is a valid semver range for inflight
348 silly addNameRange { name: 'inflight', range: '>=1.0.4 <2.0.0', hasData: false }
349 silly mapToRegistry name inflight
350 silly mapToRegistry using default registry
351 silly mapToRegistry registry https://registry.npmjs.org/
352 silly mapToRegistry data Result {
352 silly mapToRegistry   raw: 'inflight',
352 silly mapToRegistry   scope: null,
352 silly mapToRegistry   escapedName: 'inflight',
352 silly mapToRegistry   name: 'inflight',
352 silly mapToRegistry   rawSpec: '',
352 silly mapToRegistry   spec: 'latest',
352 silly mapToRegistry   type: 'tag' }
353 silly mapToRegistry uri https://registry.npmjs.org/inflight
354 verbose addNameRange registry:https://registry.npmjs.org/inflight not in flight; fetching
355 silly resolveWithNewModule inherits@2.0.3 checking installable status
356 silly cache add args [ 'inherits@2', null ]
357 verbose cache add spec inherits@2
358 silly cache add parsed spec Result {
358 silly cache add   raw: 'inherits@2',
358 silly cache add   scope: null,
358 silly cache add   escapedName: 'inherits',
358 silly cache add   name: 'inherits',
358 silly cache add   rawSpec: '2',
358 silly cache add   spec: '>=2.0.0 <3.0.0',
358 silly cache add   type: 'range' }
359 silly addNamed inherits@>=2.0.0 <3.0.0
360 verbose addNamed ">=2.0.0 <3.0.0" is a valid semver range for inherits
361 silly addNameRange { name: 'inherits', range: '>=2.0.0 <3.0.0', hasData: false }
362 silly mapToRegistry name inherits
363 silly mapToRegistry using default registry
364 silly mapToRegistry registry https://registry.npmjs.org/
365 silly mapToRegistry data Result {
365 silly mapToRegistry   raw: 'inherits',
365 silly mapToRegistry   scope: null,
365 silly mapToRegistry   escapedName: 'inherits',
365 silly mapToRegistry   name: 'inherits',
365 silly mapToRegistry   rawSpec: '',
365 silly mapToRegistry   spec: 'latest',
365 silly mapToRegistry   type: 'tag' }
366 silly mapToRegistry uri https://registry.npmjs.org/inherits
367 verbose addNameRange registry:https://registry.npmjs.org/inherits not in flight; fetching
368 silly resolveWithNewModule minimatch@3.0.4 checking installable status
369 silly cache add args [ 'minimatch@2 || 3', null ]
370 verbose cache add spec minimatch@2 || 3
371 silly cache add parsed spec Result {
371 silly cache add   raw: 'minimatch@2 || 3',
371 silly cache add   scope: null,
371 silly cache add   escapedName: 'minimatch',
371 silly cache add   name: 'minimatch',
371 silly cache add   rawSpec: '2 || 3',
371 silly cache add   spec: '>=2.0.0 <3.0.0||>=3.0.0 <4.0.0',
371 silly cache add   type: 'range' }
372 silly addNamed minimatch@>=2.0.0 <3.0.0||>=3.0.0 <4.0.0
373 verbose addNamed ">=2.0.0 <3.0.0||>=3.0.0 <4.0.0" is a valid semver range for minimatch
374 silly addNameRange { name: 'minimatch',
374 silly addNameRange   range: '>=2.0.0 <3.0.0||>=3.0.0 <4.0.0',
374 silly addNameRange   hasData: false }
375 silly mapToRegistry name minimatch
376 silly mapToRegistry using default registry
377 silly mapToRegistry registry https://registry.npmjs.org/
378 silly mapToRegistry data Result {
378 silly mapToRegistry   raw: 'minimatch',
378 silly mapToRegistry   scope: null,
378 silly mapToRegistry   escapedName: 'minimatch',
378 silly mapToRegistry   name: 'minimatch',
378 silly mapToRegistry   rawSpec: '',
378 silly mapToRegistry   spec: 'latest',
378 silly mapToRegistry   type: 'tag' }
379 silly mapToRegistry uri https://registry.npmjs.org/minimatch
380 verbose addNameRange registry:https://registry.npmjs.org/minimatch not in flight; fetching
381 silly resolveWithNewModule once@1.4.0 checking installable status
382 silly cache add args [ 'once@^1.3.0', null ]
383 verbose cache add spec once@^1.3.0
384 silly cache add parsed spec Result {
384 silly cache add   raw: 'once@^1.3.0',
384 silly cache add   scope: null,
384 silly cache add   escapedName: 'once',
384 silly cache add   name: 'once',
384 silly cache add   rawSpec: '^1.3.0',
384 silly cache add   spec: '>=1.3.0 <2.0.0',
384 silly cache add   type: 'range' }
385 silly addNamed once@>=1.3.0 <2.0.0
386 verbose addNamed ">=1.3.0 <2.0.0" is a valid semver range for once
387 silly addNameRange { name: 'once', range: '>=1.3.0 <2.0.0', hasData: false }
388 silly mapToRegistry name once
389 silly mapToRegistry using default registry
390 silly mapToRegistry registry https://registry.npmjs.org/
391 silly mapToRegistry data Result {
391 silly mapToRegistry   raw: 'once',
391 silly mapToRegistry   scope: null,
391 silly mapToRegistry   escapedName: 'once',
391 silly mapToRegistry   name: 'once',
391 silly mapToRegistry   rawSpec: '',
391 silly mapToRegistry   spec: 'latest',
391 silly mapToRegistry   type: 'tag' }
392 silly mapToRegistry uri https://registry.npmjs.org/once
393 verbose addNameRange registry:https://registry.npmjs.org/once not in flight; fetching
394 verbose get https://registry.npmjs.org/inflight not expired, no request
395 silly addNameRange number 2 { name: 'inflight', range: '>=1.0.4 <2.0.0', hasData: true }
396 silly addNameRange versions [ 'inflight',
396 silly addNameRange   [ '1.0.0', '1.0.1', '1.0.2', '1.0.3', '1.0.4', '1.0.5', '1.0.6' ] ]
397 silly addNamed inflight@1.0.6
398 verbose addNamed "1.0.6" is a plain semver version for inflight
399 verbose get https://registry.npmjs.org/inherits not expired, no request
400 silly addNameRange number 2 { name: 'inherits', range: '>=2.0.0 <3.0.0', hasData: true }
401 silly addNameRange versions [ 'inherits',
401 silly addNameRange   [ '1.0.0', '2.0.0', '2.0.1', '1.0.1', '1.0.2', '2.0.3' ] ]
402 silly addNamed inherits@2.0.3
403 verbose addNamed "2.0.3" is a plain semver version for inherits
404 verbose get https://registry.npmjs.org/minimatch not expired, no request
405 silly addNameRange number 2 { name: 'minimatch',
405 silly addNameRange   range: '>=2.0.0 <3.0.0||>=3.0.0 <4.0.0',
405 silly addNameRange   hasData: true }
406 silly addNameRange versions [ 'minimatch',
406 silly addNameRange   [ '0.0.1',
406 silly addNameRange     '0.0.2',
406 silly addNameRange     '0.0.4',
406 silly addNameRange     '0.0.5',
406 silly addNameRange     '0.1.1',
406 silly addNameRange     '0.1.2',
406 silly addNameRange     '0.1.3',
406 silly addNameRange     '0.1.4',
406 silly addNameRange     '0.1.5',
406 silly addNameRange     '0.2.0',
406 silly addNameRange     '0.2.2',
406 silly addNameRange     '0.2.3',
406 silly addNameRange     '0.2.4',
406 silly addNameRange     '0.2.5',
406 silly addNameRange     '0.2.6',
406 silly addNameRange     '0.2.7',
406 silly addNameRange     '0.2.8',
406 silly addNameRange     '0.2.9',
406 silly addNameRange     '0.2.10',
406 silly addNameRange     '0.2.11',
406 silly addNameRange     '0.2.12',
406 silly addNameRange     '0.2.13',
406 silly addNameRange     '0.2.14',
406 silly addNameRange     '0.3.0',
406 silly addNameRange     '0.4.0',
406 silly addNameRange     '1.0.0',
406 silly addNameRange     '2.0.0',
406 silly addNameRange     '2.0.1',
406 silly addNameRange     '2.0.2',
406 silly addNameRange     '2.0.3',
406 silly addNameRange     '2.0.4',
406 silly addNameRange     '2.0.5',
406 silly addNameRange     '2.0.6',
406 silly addNameRange     '2.0.7',
406 silly addNameRange     '2.0.8',
406 silly addNameRange     '2.0.9',
406 silly addNameRange     '2.0.10',
406 silly addNameRange     '3.0.0',
406 silly addNameRange     '3.0.2',
406 silly addNameRange     '3.0.3',
406 silly addNameRange     '3.0.4' ] ]
407 silly addNamed minimatch@3.0.4
408 verbose addNamed "3.0.4" is a plain semver version for minimatch
409 verbose get https://registry.npmjs.org/once not expired, no request
410 silly addNameRange number 2 { name: 'once', range: '>=1.3.0 <2.0.0', hasData: true }
411 silly addNameRange versions [ 'once',
411 silly addNameRange   [ '1.1.1', '1.2.0', '1.3.0', '1.3.1', '1.3.2', '1.3.3', '1.4.0' ] ]
412 silly addNamed once@1.4.0
413 verbose addNamed "1.4.0" is a plain semver version for once
414 silly cache afterAdd inherits@2.0.3
415 verbose afterAdd /Users/beck_hsu/.npm/inherits/2.0.3/package/package.json not in flight; writing
416 verbose correctMkdir /Users/beck_hsu/.npm correctMkdir not in flight; initializing
417 silly cache afterAdd inflight@1.0.6
418 verbose afterAdd /Users/beck_hsu/.npm/inflight/1.0.6/package/package.json not in flight; writing
419 verbose correctMkdir /Users/beck_hsu/.npm correctMkdir not in flight; initializing
420 silly cache afterAdd minimatch@3.0.4
421 verbose afterAdd /Users/beck_hsu/.npm/minimatch/3.0.4/package/package.json not in flight; writing
422 verbose correctMkdir /Users/beck_hsu/.npm correctMkdir not in flight; initializing
423 silly cache afterAdd once@1.4.0
424 verbose afterAdd /Users/beck_hsu/.npm/once/1.4.0/package/package.json not in flight; writing
425 verbose correctMkdir /Users/beck_hsu/.npm correctMkdir not in flight; initializing
426 verbose afterAdd /Users/beck_hsu/.npm/inherits/2.0.3/package/package.json written
427 verbose afterAdd /Users/beck_hsu/.npm/inflight/1.0.6/package/package.json written
428 verbose afterAdd /Users/beck_hsu/.npm/minimatch/3.0.4/package/package.json written
429 verbose afterAdd /Users/beck_hsu/.npm/once/1.4.0/package/package.json written
430 http 304 https://registry.npmjs.org/path-is-absolute
431 verbose headers { date: 'Wed, 11 Oct 2017 07:44:35 GMT',
431 verbose headers   via: '1.1 varnish',
431 verbose headers   'cache-control': 'max-age=300',
431 verbose headers   etag: 'W/"58e77292-133a"',
431 verbose headers   age: '176',
431 verbose headers   connection: 'keep-alive',
431 verbose headers   'x-served-by': 'cache-itm7424-ITM',
431 verbose headers   'x-cache': 'HIT',
431 verbose headers   'x-cache-hits': '5',
431 verbose headers   'x-timer': 'S1507707876.688093,VS0,VE0',
431 verbose headers   vary: 'Accept-Encoding, Accept' }
432 silly get cb [ 304,
432 silly get   { date: 'Wed, 11 Oct 2017 07:44:35 GMT',
432 silly get     via: '1.1 varnish',
432 silly get     'cache-control': 'max-age=300',
432 silly get     etag: 'W/"58e77292-133a"',
432 silly get     age: '176',
432 silly get     connection: 'keep-alive',
432 silly get     'x-served-by': 'cache-itm7424-ITM',
432 silly get     'x-cache': 'HIT',
432 silly get     'x-cache-hits': '5',
432 silly get     'x-timer': 'S1507707876.688093,VS0,VE0',
432 silly get     vary: 'Accept-Encoding, Accept' } ]
433 verbose etag https://registry.npmjs.org/path-is-absolute from cache
434 verbose get saving path-is-absolute to /Users/beck_hsu/.npm/registry.npmjs.org/path-is-absolute/.cache.json
435 verbose correctMkdir /Users/beck_hsu/.npm correctMkdir not in flight; initializing
436 silly resolveWithNewModule path-is-absolute@1.0.1 checking installable status
437 silly cache add args [ 'path-is-absolute@^1.0.0', null ]
438 verbose cache add spec path-is-absolute@^1.0.0
439 silly cache add parsed spec Result {
439 silly cache add   raw: 'path-is-absolute@^1.0.0',
439 silly cache add   scope: null,
439 silly cache add   escapedName: 'path-is-absolute',
439 silly cache add   name: 'path-is-absolute',
439 silly cache add   rawSpec: '^1.0.0',
439 silly cache add   spec: '>=1.0.0 <2.0.0',
439 silly cache add   type: 'range' }
440 silly addNamed path-is-absolute@>=1.0.0 <2.0.0
441 verbose addNamed ">=1.0.0 <2.0.0" is a valid semver range for path-is-absolute
442 silly addNameRange { name: 'path-is-absolute',
442 silly addNameRange   range: '>=1.0.0 <2.0.0',
442 silly addNameRange   hasData: false }
443 silly mapToRegistry name path-is-absolute
444 silly mapToRegistry using default registry
445 silly mapToRegistry registry https://registry.npmjs.org/
446 silly mapToRegistry data Result {
446 silly mapToRegistry   raw: 'path-is-absolute',
446 silly mapToRegistry   scope: null,
446 silly mapToRegistry   escapedName: 'path-is-absolute',
446 silly mapToRegistry   name: 'path-is-absolute',
446 silly mapToRegistry   rawSpec: '',
446 silly mapToRegistry   spec: 'latest',
446 silly mapToRegistry   type: 'tag' }
447 silly mapToRegistry uri https://registry.npmjs.org/path-is-absolute
448 verbose addNameRange registry:https://registry.npmjs.org/path-is-absolute not in flight; fetching
449 verbose get https://registry.npmjs.org/path-is-absolute not expired, no request
450 silly addNameRange number 2 { name: 'path-is-absolute',
450 silly addNameRange   range: '>=1.0.0 <2.0.0',
450 silly addNameRange   hasData: true }
451 silly addNameRange versions [ 'path-is-absolute', [ '1.0.0', '1.0.1' ] ]
452 silly addNamed path-is-absolute@1.0.1
453 verbose addNamed "1.0.1" is a plain semver version for path-is-absolute
454 silly cache afterAdd path-is-absolute@1.0.1
455 verbose afterAdd /Users/beck_hsu/.npm/path-is-absolute/1.0.1/package/package.json not in flight; writing
456 verbose correctMkdir /Users/beck_hsu/.npm correctMkdir not in flight; initializing
457 verbose afterAdd /Users/beck_hsu/.npm/path-is-absolute/1.0.1/package/package.json written
458 silly fetchNamedPackageData wrappy
459 silly mapToRegistry name wrappy
460 silly mapToRegistry using default registry
461 silly mapToRegistry registry https://registry.npmjs.org/
462 silly mapToRegistry data Result {
462 silly mapToRegistry   raw: 'wrappy',
462 silly mapToRegistry   scope: null,
462 silly mapToRegistry   escapedName: 'wrappy',
462 silly mapToRegistry   name: 'wrappy',
462 silly mapToRegistry   rawSpec: '',
462 silly mapToRegistry   spec: 'latest',
462 silly mapToRegistry   type: 'tag' }
463 silly mapToRegistry uri https://registry.npmjs.org/wrappy
464 verbose request uri https://registry.npmjs.org/wrappy
465 verbose request no auth needed
466 info attempt registry request try #1 at 15:44:35
467 verbose etag W/"59444755-11a6"
468 verbose lastModified Fri, 16 Jun 2017 21:02:13 GMT
469 http request GET https://registry.npmjs.org/wrappy
470 http 304 https://registry.npmjs.org/wrappy
471 verbose headers { date: 'Wed, 11 Oct 2017 07:44:35 GMT',
471 verbose headers   via: '1.1 varnish',
471 verbose headers   'cache-control': 'max-age=300',
471 verbose headers   etag: 'W/"59444755-11a6"',
471 verbose headers   age: '274',
471 verbose headers   connection: 'keep-alive',
471 verbose headers   'x-served-by': 'cache-itm7422-ITM',
471 verbose headers   'x-cache': 'HIT',
471 verbose headers   'x-cache-hits': '12',
471 verbose headers   'x-timer': 'S1507707876.788355,VS0,VE0',
471 verbose headers   vary: 'Accept-Encoding, Accept' }
472 silly get cb [ 304,
472 silly get   { date: 'Wed, 11 Oct 2017 07:44:35 GMT',
472 silly get     via: '1.1 varnish',
472 silly get     'cache-control': 'max-age=300',
472 silly get     etag: 'W/"59444755-11a6"',
472 silly get     age: '274',
472 silly get     connection: 'keep-alive',
472 silly get     'x-served-by': 'cache-itm7422-ITM',
472 silly get     'x-cache': 'HIT',
472 silly get     'x-cache-hits': '12',
472 silly get     'x-timer': 'S1507707876.788355,VS0,VE0',
472 silly get     vary: 'Accept-Encoding, Accept' } ]
473 verbose etag https://registry.npmjs.org/wrappy from cache
474 verbose get saving wrappy to /Users/beck_hsu/.npm/registry.npmjs.org/wrappy/.cache.json
475 verbose correctMkdir /Users/beck_hsu/.npm correctMkdir not in flight; initializing
476 silly resolveWithNewModule wrappy@1.0.2 checking installable status
477 silly cache add args [ 'wrappy@1', null ]
478 verbose cache add spec wrappy@1
479 silly cache add parsed spec Result {
479 silly cache add   raw: 'wrappy@1',
479 silly cache add   scope: null,
479 silly cache add   escapedName: 'wrappy',
479 silly cache add   name: 'wrappy',
479 silly cache add   rawSpec: '1',
479 silly cache add   spec: '>=1.0.0 <2.0.0',
479 silly cache add   type: 'range' }
480 silly addNamed wrappy@>=1.0.0 <2.0.0
481 verbose addNamed ">=1.0.0 <2.0.0" is a valid semver range for wrappy
482 silly addNameRange { name: 'wrappy', range: '>=1.0.0 <2.0.0', hasData: false }
483 silly mapToRegistry name wrappy
484 silly mapToRegistry using default registry
485 silly mapToRegistry registry https://registry.npmjs.org/
486 silly mapToRegistry data Result {
486 silly mapToRegistry   raw: 'wrappy',
486 silly mapToRegistry   scope: null,
486 silly mapToRegistry   escapedName: 'wrappy',
486 silly mapToRegistry   name: 'wrappy',
486 silly mapToRegistry   rawSpec: '',
486 silly mapToRegistry   spec: 'latest',
486 silly mapToRegistry   type: 'tag' }
487 silly mapToRegistry uri https://registry.npmjs.org/wrappy
488 verbose addNameRange registry:https://registry.npmjs.org/wrappy not in flight; fetching
489 verbose get https://registry.npmjs.org/wrappy not expired, no request
490 silly addNameRange number 2 { name: 'wrappy', range: '>=1.0.0 <2.0.0', hasData: true }
491 silly addNameRange versions [ 'wrappy', [ '1.0.0', '1.0.1', '1.0.2' ] ]
492 silly addNamed wrappy@1.0.2
493 verbose addNamed "1.0.2" is a plain semver version for wrappy
494 silly cache afterAdd wrappy@1.0.2
495 verbose afterAdd /Users/beck_hsu/.npm/wrappy/1.0.2/package/package.json not in flight; writing
496 verbose correctMkdir /Users/beck_hsu/.npm correctMkdir not in flight; initializing
497 verbose afterAdd /Users/beck_hsu/.npm/wrappy/1.0.2/package/package.json written
498 silly fetchNamedPackageData brace-expansion
499 silly mapToRegistry name brace-expansion
500 silly mapToRegistry using default registry
501 silly mapToRegistry registry https://registry.npmjs.org/
502 silly mapToRegistry data Result {
502 silly mapToRegistry   raw: 'brace-expansion',
502 silly mapToRegistry   scope: null,
502 silly mapToRegistry   escapedName: 'brace-expansion',
502 silly mapToRegistry   name: 'brace-expansion',
502 silly mapToRegistry   rawSpec: '',
502 silly mapToRegistry   spec: 'latest',
502 silly mapToRegistry   type: 'tag' }
503 silly mapToRegistry uri https://registry.npmjs.org/brace-expansion
504 verbose request uri https://registry.npmjs.org/brace-expansion
505 verbose request no auth needed
506 info attempt registry request try #1 at 15:44:35
507 verbose etag W/"595b97db-595c"
508 verbose lastModified Tue, 04 Jul 2017 13:27:55 GMT
509 http request GET https://registry.npmjs.org/brace-expansion
510 http 304 https://registry.npmjs.org/brace-expansion
511 verbose headers { date: 'Wed, 11 Oct 2017 07:44:35 GMT',
511 verbose headers   via: '1.1 varnish',
511 verbose headers   'cache-control': 'max-age=300',
511 verbose headers   etag: 'W/"595b97db-595c"',
511 verbose headers   age: '95',
511 verbose headers   connection: 'keep-alive',
511 verbose headers   'x-served-by': 'cache-itm7425-ITM',
511 verbose headers   'x-cache': 'HIT',
511 verbose headers   'x-cache-hits': '5',
511 verbose headers   'x-timer': 'S1507707876.892148,VS0,VE0',
511 verbose headers   vary: 'Accept-Encoding, Accept' }
512 silly get cb [ 304,
512 silly get   { date: 'Wed, 11 Oct 2017 07:44:35 GMT',
512 silly get     via: '1.1 varnish',
512 silly get     'cache-control': 'max-age=300',
512 silly get     etag: 'W/"595b97db-595c"',
512 silly get     age: '95',
512 silly get     connection: 'keep-alive',
512 silly get     'x-served-by': 'cache-itm7425-ITM',
512 silly get     'x-cache': 'HIT',
512 silly get     'x-cache-hits': '5',
512 silly get     'x-timer': 'S1507707876.892148,VS0,VE0',
512 silly get     vary: 'Accept-Encoding, Accept' } ]
513 verbose etag https://registry.npmjs.org/brace-expansion from cache
514 verbose get saving brace-expansion to /Users/beck_hsu/.npm/registry.npmjs.org/brace-expansion/.cache.json
515 verbose correctMkdir /Users/beck_hsu/.npm correctMkdir not in flight; initializing
516 silly resolveWithNewModule brace-expansion@1.1.8 checking installable status
517 silly cache add args [ 'brace-expansion@^1.1.7', null ]
518 verbose cache add spec brace-expansion@^1.1.7
519 silly cache add parsed spec Result {
519 silly cache add   raw: 'brace-expansion@^1.1.7',
519 silly cache add   scope: null,
519 silly cache add   escapedName: 'brace-expansion',
519 silly cache add   name: 'brace-expansion',
519 silly cache add   rawSpec: '^1.1.7',
519 silly cache add   spec: '>=1.1.7 <2.0.0',
519 silly cache add   type: 'range' }
520 silly addNamed brace-expansion@>=1.1.7 <2.0.0
521 verbose addNamed ">=1.1.7 <2.0.0" is a valid semver range for brace-expansion
522 silly addNameRange { name: 'brace-expansion',
522 silly addNameRange   range: '>=1.1.7 <2.0.0',
522 silly addNameRange   hasData: false }
523 silly mapToRegistry name brace-expansion
524 silly mapToRegistry using default registry
525 silly mapToRegistry registry https://registry.npmjs.org/
526 silly mapToRegistry data Result {
526 silly mapToRegistry   raw: 'brace-expansion',
526 silly mapToRegistry   scope: null,
526 silly mapToRegistry   escapedName: 'brace-expansion',
526 silly mapToRegistry   name: 'brace-expansion',
526 silly mapToRegistry   rawSpec: '',
526 silly mapToRegistry   spec: 'latest',
526 silly mapToRegistry   type: 'tag' }
527 silly mapToRegistry uri https://registry.npmjs.org/brace-expansion
528 verbose addNameRange registry:https://registry.npmjs.org/brace-expansion not in flight; fetching
529 verbose get https://registry.npmjs.org/brace-expansion not expired, no request
530 silly addNameRange number 2 { name: 'brace-expansion',
530 silly addNameRange   range: '>=1.1.7 <2.0.0',
530 silly addNameRange   hasData: true }
531 silly addNameRange versions [ 'brace-expansion',
531 silly addNameRange   [ '0.0.0',
531 silly addNameRange     '1.0.0',
531 silly addNameRange     '1.0.1',
531 silly addNameRange     '1.1.0',
531 silly addNameRange     '1.1.1',
531 silly addNameRange     '1.1.2',
531 silly addNameRange     '1.1.3',
531 silly addNameRange     '1.1.4',
531 silly addNameRange     '1.1.5',
531 silly addNameRange     '1.1.6',
531 silly addNameRange     '1.1.7',
531 silly addNameRange     '1.1.8' ] ]
532 silly addNamed brace-expansion@1.1.8
533 verbose addNamed "1.1.8" is a plain semver version for brace-expansion
534 silly cache afterAdd brace-expansion@1.1.8
535 verbose afterAdd /Users/beck_hsu/.npm/brace-expansion/1.1.8/package/package.json not in flight; writing
536 verbose correctMkdir /Users/beck_hsu/.npm correctMkdir not in flight; initializing
537 verbose afterAdd /Users/beck_hsu/.npm/brace-expansion/1.1.8/package/package.json written
538 silly fetchNamedPackageData balanced-match
539 silly mapToRegistry name balanced-match
540 silly mapToRegistry using default registry
541 silly mapToRegistry registry https://registry.npmjs.org/
542 silly mapToRegistry data Result {
542 silly mapToRegistry   raw: 'balanced-match',
542 silly mapToRegistry   scope: null,
542 silly mapToRegistry   escapedName: 'balanced-match',
542 silly mapToRegistry   name: 'balanced-match',
542 silly mapToRegistry   rawSpec: '',
542 silly mapToRegistry   spec: 'latest',
542 silly mapToRegistry   type: 'tag' }
543 silly mapToRegistry uri https://registry.npmjs.org/balanced-match
544 silly fetchNamedPackageData concat-map
545 silly mapToRegistry name concat-map
546 silly mapToRegistry using default registry
547 silly mapToRegistry registry https://registry.npmjs.org/
548 silly mapToRegistry data Result {
548 silly mapToRegistry   raw: 'concat-map',
548 silly mapToRegistry   scope: null,
548 silly mapToRegistry   escapedName: 'concat-map',
548 silly mapToRegistry   name: 'concat-map',
548 silly mapToRegistry   rawSpec: '',
548 silly mapToRegistry   spec: 'latest',
548 silly mapToRegistry   type: 'tag' }
549 silly mapToRegistry uri https://registry.npmjs.org/concat-map
550 verbose request uri https://registry.npmjs.org/concat-map
551 verbose request no auth needed
552 info attempt registry request try #1 at 15:44:35
553 verbose etag W/"52e9c1bb-f3a"
554 verbose lastModified Thu, 30 Jan 2014 03:06:35 GMT
555 http request GET https://registry.npmjs.org/concat-map
556 verbose request uri https://registry.npmjs.org/balanced-match
557 verbose request no auth needed
558 info attempt registry request try #1 at 15:44:35
559 verbose etag W/"59428b1a-476d"
560 verbose lastModified Thu, 15 Jun 2017 13:26:50 GMT
561 http request GET https://registry.npmjs.org/balanced-match
562 http 304 https://registry.npmjs.org/balanced-match
563 verbose headers { date: 'Wed, 11 Oct 2017 07:44:36 GMT',
563 verbose headers   via: '1.1 varnish',
563 verbose headers   'cache-control': 'max-age=300',
563 verbose headers   etag: 'W/"59428b1a-476d"',
563 verbose headers   age: '236',
563 verbose headers   connection: 'keep-alive',
563 verbose headers   'x-served-by': 'cache-itm7425-ITM',
563 verbose headers   'x-cache': 'HIT',
563 verbose headers   'x-cache-hits': '8',
563 verbose headers   'x-timer': 'S1507707876.000364,VS0,VE0',
563 verbose headers   vary: 'Accept-Encoding, Accept' }
564 silly get cb [ 304,
564 silly get   { date: 'Wed, 11 Oct 2017 07:44:36 GMT',
564 silly get     via: '1.1 varnish',
564 silly get     'cache-control': 'max-age=300',
564 silly get     etag: 'W/"59428b1a-476d"',
564 silly get     age: '236',
564 silly get     connection: 'keep-alive',
564 silly get     'x-served-by': 'cache-itm7425-ITM',
564 silly get     'x-cache': 'HIT',
564 silly get     'x-cache-hits': '8',
564 silly get     'x-timer': 'S1507707876.000364,VS0,VE0',
564 silly get     vary: 'Accept-Encoding, Accept' } ]
565 verbose etag https://registry.npmjs.org/balanced-match from cache
566 verbose get saving balanced-match to /Users/beck_hsu/.npm/registry.npmjs.org/balanced-match/.cache.json
567 verbose correctMkdir /Users/beck_hsu/.npm correctMkdir not in flight; initializing
568 http 304 https://registry.npmjs.org/concat-map
569 verbose headers { date: 'Wed, 11 Oct 2017 07:44:36 GMT',
569 verbose headers   via: '1.1 varnish',
569 verbose headers   'cache-control': 'max-age=300',
569 verbose headers   etag: 'W/"52e9c1bb-f3a"',
569 verbose headers   age: '95',
569 verbose headers   connection: 'keep-alive',
569 verbose headers   'x-served-by': 'cache-itm7420-ITM',
569 verbose headers   'x-cache': 'HIT',
569 verbose headers   'x-cache-hits': '2',
569 verbose headers   'x-timer': 'S1507707876.000475,VS0,VE0',
569 verbose headers   vary: 'Accept-Encoding, Accept' }
570 silly get cb [ 304,
570 silly get   { date: 'Wed, 11 Oct 2017 07:44:36 GMT',
570 silly get     via: '1.1 varnish',
570 silly get     'cache-control': 'max-age=300',
570 silly get     etag: 'W/"52e9c1bb-f3a"',
570 silly get     age: '95',
570 silly get     connection: 'keep-alive',
570 silly get     'x-served-by': 'cache-itm7420-ITM',
570 silly get     'x-cache': 'HIT',
570 silly get     'x-cache-hits': '2',
570 silly get     'x-timer': 'S1507707876.000475,VS0,VE0',
570 silly get     vary: 'Accept-Encoding, Accept' } ]
571 verbose etag https://registry.npmjs.org/concat-map from cache
572 verbose get saving concat-map to /Users/beck_hsu/.npm/registry.npmjs.org/concat-map/.cache.json
573 verbose correctMkdir /Users/beck_hsu/.npm correctMkdir not in flight; initializing
574 silly resolveWithNewModule balanced-match@1.0.0 checking installable status
575 silly cache add args [ 'balanced-match@^1.0.0', null ]
576 verbose cache add spec balanced-match@^1.0.0
577 silly cache add parsed spec Result {
577 silly cache add   raw: 'balanced-match@^1.0.0',
577 silly cache add   scope: null,
577 silly cache add   escapedName: 'balanced-match',
577 silly cache add   name: 'balanced-match',
577 silly cache add   rawSpec: '^1.0.0',
577 silly cache add   spec: '>=1.0.0 <2.0.0',
577 silly cache add   type: 'range' }
578 silly addNamed balanced-match@>=1.0.0 <2.0.0
579 verbose addNamed ">=1.0.0 <2.0.0" is a valid semver range for balanced-match
580 silly addNameRange { name: 'balanced-match',
580 silly addNameRange   range: '>=1.0.0 <2.0.0',
580 silly addNameRange   hasData: false }
581 silly mapToRegistry name balanced-match
582 silly mapToRegistry using default registry
583 silly mapToRegistry registry https://registry.npmjs.org/
584 silly mapToRegistry data Result {
584 silly mapToRegistry   raw: 'balanced-match',
584 silly mapToRegistry   scope: null,
584 silly mapToRegistry   escapedName: 'balanced-match',
584 silly mapToRegistry   name: 'balanced-match',
584 silly mapToRegistry   rawSpec: '',
584 silly mapToRegistry   spec: 'latest',
584 silly mapToRegistry   type: 'tag' }
585 silly mapToRegistry uri https://registry.npmjs.org/balanced-match
586 verbose addNameRange registry:https://registry.npmjs.org/balanced-match not in flight; fetching
587 silly resolveWithNewModule concat-map@0.0.1 checking installable status
588 silly cache add args [ 'concat-map@0.0.1', null ]
589 verbose cache add spec concat-map@0.0.1
590 silly cache add parsed spec Result {
590 silly cache add   raw: 'concat-map@0.0.1',
590 silly cache add   scope: null,
590 silly cache add   escapedName: 'concat-map',
590 silly cache add   name: 'concat-map',
590 silly cache add   rawSpec: '0.0.1',
590 silly cache add   spec: '0.0.1',
590 silly cache add   type: 'version' }
591 silly addNamed concat-map@0.0.1
592 verbose addNamed "0.0.1" is a plain semver version for concat-map
593 silly mapToRegistry name concat-map
594 silly mapToRegistry using default registry
595 silly mapToRegistry registry https://registry.npmjs.org/
596 silly mapToRegistry data Result {
596 silly mapToRegistry   raw: 'concat-map',
596 silly mapToRegistry   scope: null,
596 silly mapToRegistry   escapedName: 'concat-map',
596 silly mapToRegistry   name: 'concat-map',
596 silly mapToRegistry   rawSpec: '',
596 silly mapToRegistry   spec: 'latest',
596 silly mapToRegistry   type: 'tag' }
597 silly mapToRegistry uri https://registry.npmjs.org/concat-map
598 verbose addNameVersion registry:https://registry.npmjs.org/concat-map not in flight; fetching
599 verbose get https://registry.npmjs.org/balanced-match not expired, no request
600 silly addNameRange number 2 { name: 'balanced-match',
600 silly addNameRange   range: '>=1.0.0 <2.0.0',
600 silly addNameRange   hasData: true }
601 silly addNameRange versions [ 'balanced-match',
601 silly addNameRange   [ '0.0.0',
601 silly addNameRange     '0.0.1',
601 silly addNameRange     '0.1.0',
601 silly addNameRange     '0.2.0',
601 silly addNameRange     '0.2.1',
601 silly addNameRange     '0.3.0',
601 silly addNameRange     '0.4.0',
601 silly addNameRange     '0.4.1',
601 silly addNameRange     '0.4.2',
601 silly addNameRange     '1.0.0' ] ]
602 silly addNamed balanced-match@1.0.0
603 verbose addNamed "1.0.0" is a plain semver version for balanced-match
604 verbose get https://registry.npmjs.org/concat-map not expired, no request
605 silly cache afterAdd concat-map@0.0.1
606 verbose afterAdd /Users/beck_hsu/.npm/concat-map/0.0.1/package/package.json not in flight; writing
607 verbose correctMkdir /Users/beck_hsu/.npm correctMkdir not in flight; initializing
608 silly cache afterAdd balanced-match@1.0.0
609 verbose afterAdd /Users/beck_hsu/.npm/balanced-match/1.0.0/package/package.json not in flight; writing
610 verbose correctMkdir /Users/beck_hsu/.npm correctMkdir not in flight; initializing
611 verbose afterAdd /Users/beck_hsu/.npm/concat-map/0.0.1/package/package.json written
612 verbose afterAdd /Users/beck_hsu/.npm/balanced-match/1.0.0/package/package.json written
613 silly fetchNamedPackageData abbrev
614 silly mapToRegistry name abbrev
615 silly mapToRegistry using default registry
616 silly mapToRegistry registry https://registry.npmjs.org/
617 silly mapToRegistry data Result {
617 silly mapToRegistry   raw: 'abbrev',
617 silly mapToRegistry   scope: null,
617 silly mapToRegistry   escapedName: 'abbrev',
617 silly mapToRegistry   name: 'abbrev',
617 silly mapToRegistry   rawSpec: '',
617 silly mapToRegistry   spec: 'latest',
617 silly mapToRegistry   type: 'tag' }
618 silly mapToRegistry uri https://registry.npmjs.org/abbrev
619 verbose request uri https://registry.npmjs.org/abbrev
620 verbose request no auth needed
621 info attempt registry request try #1 at 15:44:36
622 verbose etag W/"59cc62b1-23b4"
623 verbose lastModified Thu, 28 Sep 2017 02:47:13 GMT
624 http request GET https://registry.npmjs.org/abbrev
625 http 304 https://registry.npmjs.org/abbrev
626 verbose headers { date: 'Wed, 11 Oct 2017 07:44:36 GMT',
626 verbose headers   via: '1.1 varnish',
626 verbose headers   'cache-control': 'max-age=300',
626 verbose headers   etag: 'W/"59cc62b1-23b4"',
626 verbose headers   age: '69',
626 verbose headers   connection: 'keep-alive',
626 verbose headers   'x-served-by': 'cache-itm7424-ITM',
626 verbose headers   'x-cache': 'HIT',
626 verbose headers   'x-cache-hits': '1',
626 verbose headers   'x-timer': 'S1507707876.118392,VS0,VE1',
626 verbose headers   vary: 'Accept-Encoding, Accept' }
627 silly get cb [ 304,
627 silly get   { date: 'Wed, 11 Oct 2017 07:44:36 GMT',
627 silly get     via: '1.1 varnish',
627 silly get     'cache-control': 'max-age=300',
627 silly get     etag: 'W/"59cc62b1-23b4"',
627 silly get     age: '69',
627 silly get     connection: 'keep-alive',
627 silly get     'x-served-by': 'cache-itm7424-ITM',
627 silly get     'x-cache': 'HIT',
627 silly get     'x-cache-hits': '1',
627 silly get     'x-timer': 'S1507707876.118392,VS0,VE1',
627 silly get     vary: 'Accept-Encoding, Accept' } ]
628 verbose etag https://registry.npmjs.org/abbrev from cache
629 verbose get saving abbrev to /Users/beck_hsu/.npm/registry.npmjs.org/abbrev/.cache.json
630 verbose correctMkdir /Users/beck_hsu/.npm correctMkdir not in flight; initializing
631 silly resolveWithNewModule abbrev@1.1.1 checking installable status
632 silly cache add args [ 'abbrev@1', null ]
633 verbose cache add spec abbrev@1
634 silly cache add parsed spec Result {
634 silly cache add   raw: 'abbrev@1',
634 silly cache add   scope: null,
634 silly cache add   escapedName: 'abbrev',
634 silly cache add   name: 'abbrev',
634 silly cache add   rawSpec: '1',
634 silly cache add   spec: '>=1.0.0 <2.0.0',
634 silly cache add   type: 'range' }
635 silly addNamed abbrev@>=1.0.0 <2.0.0
636 verbose addNamed ">=1.0.0 <2.0.0" is a valid semver range for abbrev
637 silly addNameRange { name: 'abbrev', range: '>=1.0.0 <2.0.0', hasData: false }
638 silly mapToRegistry name abbrev
639 silly mapToRegistry using default registry
640 silly mapToRegistry registry https://registry.npmjs.org/
641 silly mapToRegistry data Result {
641 silly mapToRegistry   raw: 'abbrev',
641 silly mapToRegistry   scope: null,
641 silly mapToRegistry   escapedName: 'abbrev',
641 silly mapToRegistry   name: 'abbrev',
641 silly mapToRegistry   rawSpec: '',
641 silly mapToRegistry   spec: 'latest',
641 silly mapToRegistry   type: 'tag' }
642 silly mapToRegistry uri https://registry.npmjs.org/abbrev
643 verbose addNameRange registry:https://registry.npmjs.org/abbrev not in flight; fetching
644 verbose get https://registry.npmjs.org/abbrev not expired, no request
645 silly addNameRange number 2 { name: 'abbrev', range: '>=1.0.0 <2.0.0', hasData: true }
646 silly addNameRange versions [ 'abbrev',
646 silly addNameRange   [ '1.0.3',
646 silly addNameRange     '1.0.4',
646 silly addNameRange     '1.0.5',
646 silly addNameRange     '1.0.6',
646 silly addNameRange     '1.0.7',
646 silly addNameRange     '1.0.9',
646 silly addNameRange     '1.1.0',
646 silly addNameRange     '1.1.1' ] ]
647 silly addNamed abbrev@1.1.1
648 verbose addNamed "1.1.1" is a plain semver version for abbrev
649 silly cache afterAdd abbrev@1.1.1
650 verbose afterAdd /Users/beck_hsu/.npm/abbrev/1.1.1/package/package.json not in flight; writing
651 verbose correctMkdir /Users/beck_hsu/.npm correctMkdir not in flight; initializing
652 verbose afterAdd /Users/beck_hsu/.npm/abbrev/1.1.1/package/package.json written
653 silly loadAllDepsIntoIdealTree Finishing
654 silly loadIdealTree Finishing
655 silly currentTree lib
655 silly currentTree  grunt-cli@1.2.0
655 silly currentTree    abbrev@1.1.1
655 silly currentTree    balanced-match@1.0.0
655 silly currentTree    brace-expansion@1.1.8
655 silly currentTree    concat-map@0.0.1
655 silly currentTree    findup-sync@0.3.0
655 silly currentTree    glob@5.0.15
655 silly currentTree    grunt-known-options@1.1.0
655 silly currentTree    inflight@1.0.6
655 silly currentTree    inherits@2.0.3
655 silly currentTree    minimatch@3.0.4
655 silly currentTree    nopt@3.0.6
655 silly currentTree    once@1.4.0
655 silly currentTree    path-is-absolute@1.0.1
655 silly currentTree    resolve@1.1.7
655 silly currentTree    wrappy@1.0.2
656 silly idealTree lib
656 silly idealTree  grunt-cli@1.2.0
656 silly idealTree    abbrev@1.1.1
656 silly idealTree    balanced-match@1.0.0
656 silly idealTree    brace-expansion@1.1.8
656 silly idealTree    concat-map@0.0.1
656 silly idealTree    findup-sync@0.3.0
656 silly idealTree    glob@5.0.15
656 silly idealTree    grunt-known-options@1.1.0
656 silly idealTree    inflight@1.0.6
656 silly idealTree    inherits@2.0.3
656 silly idealTree    minimatch@3.0.4
656 silly idealTree    nopt@3.0.6
656 silly idealTree    once@1.4.0
656 silly idealTree    path-is-absolute@1.0.1
656 silly idealTree    resolve@1.1.7
656 silly idealTree    wrappy@1.0.2
657 silly generateActionsToTake Starting
658 silly install generateActionsToTake
659 warn checkPermissions Missing write access to /usr/local/lib/node_modules/grunt-cli
660 silly rollbackFailedOptional Starting
661 silly rollbackFailedOptional Finishing
662 silly runTopLevelLifecycles Finishing
663 silly install printInstalled
664 verbose stack Error: EACCES: permission denied, access '/usr/local/lib/node_modules/grunt-cli'
664 verbose stack     at Error (native)
665 verbose cwd /Users/beck_hsu/php school/BD102G1
666 error Darwin 17.0.0
667 error argv "/usr/local/bin/node" "/usr/local/bin/npm" "install" "-g" "grunt-cli"
668 error node v6.11.3
669 error npm  v3.10.10
670 error path /usr/local/lib/node_modules/grunt-cli
671 error code EACCES
672 error errno -13
673 error syscall access
674 error Error: EACCES: permission denied, access '/usr/local/lib/node_modules/grunt-cli'
674 error     at Error (native)
674 error  { Error: EACCES: permission denied, access '/usr/local/lib/node_modules/grunt-cli'
674 error     at Error (native)
674 error   errno: -13,
674 error   code: 'EACCES',
674 error   syscall: 'access',
674 error   path: '/usr/local/lib/node_modules/grunt-cli' }
675 error Please try running this command again as root/Administrator.
676 verbose exit [ -13, true ]
